ARM GAS  C:\Users\atril\AppData\Local\Temp\ccH0QUJE.s 			page 1


   1              		.syntax unified
   2              		.cpu cortex-m0plus
   3              		.fpu softvfp
   4              		.eabi_attribute 20, 1
   5              		.eabi_attribute 21, 1
   6              		.eabi_attribute 23, 3
   7              		.eabi_attribute 24, 1
   8              		.eabi_attribute 25, 1
   9              		.eabi_attribute 26, 1
  10              		.eabi_attribute 30, 1
  11              		.eabi_attribute 34, 0
  12              		.eabi_attribute 18, 4
  13              		.thumb
  14              		.syntax unified
  15              		.file	"BLE_custom_config.c"
  16              		.text
  17              	.Ltext0:
  18              		.cfi_sections	.debug_frame
  19              		.global	cy_ble_customConfig
  20              		.section	.rodata
  21              		.align	2
  22              		.type	cy_ble_customs, %object
  23              		.size	cy_ble_customs, 20
  24              	cy_ble_customs:
  25 0000 1000     		.short	16
  26 0002 1200     		.short	18
  27 0004 1300     		.short	19
  28 0006 0000     		.short	0
  29 0008 1500     		.short	21
  30 000a 0000     		.short	0
  31 000c 0000     		.short	0
  32 000e 1700     		.short	23
  33 0010 1800     		.short	24
  34 0012 1900     		.short	25
  35              		.data
  36              		.align	2
  37              		.type	cy_ble_customConfig, %object
  38              		.size	cy_ble_customConfig, 4
  39              	cy_ble_customConfig:
  40 0000 00000000 		.word	cy_ble_customs
  41              		.text
  42              	.Letext0:
  43              		.file 1 "c:\\program files (x86)\\cypress\\psoc creator\\4.4\\psoc creator\\import\\gnu\\arm\\5.4.
  44              		.file 2 "c:\\program files (x86)\\cypress\\psoc creator\\4.4\\psoc creator\\import\\gnu\\arm\\5.4.
  45              		.file 3 "Generated_Source\\PSoC6\\pdl\\drivers/peripheral/device/cy_device.h"
  46              		.file 4 "Generated_Source\\PSoC6\\pdl\\middleware/ble/cy_ble_stack_host_main.h"
  47              		.file 5 "Generated_Source\\PSoC6\\pdl\\middleware/ble/cy_ble_stack_gatt.h"
  48              		.file 6 "Generated_Source\\PSoC6\\pdl\\middleware/ble/cy_ble_gap.h"
  49              		.file 7 "Generated_Source\\PSoC6\\pdl\\middleware/ble/cy_ble_custom.h"
  50              		.file 8 "Generated_Source\\PSoC6\\BLE_custom_config.c"
  51              		.section	.debug_info,"",%progbits
  52              	.Ldebug_info0:
  53 0000 F2060000 		.4byte	0x6f2
  54 0004 0400     		.2byte	0x4
  55 0006 00000000 		.4byte	.Ldebug_abbrev0
  56 000a 04       		.byte	0x4
  57 000b 01       		.uleb128 0x1
ARM GAS  C:\Users\atril\AppData\Local\Temp\ccH0QUJE.s 			page 2


  58 000c DF070000 		.4byte	.LASF142
  59 0010 0C       		.byte	0xc
  60 0011 65040000 		.4byte	.LASF143
  61 0015 5B000000 		.4byte	.LASF144
  62 0019 00000000 		.4byte	.Ldebug_line0
  63 001d 02       		.uleb128 0x2
  64 001e 04       		.byte	0x4
  65 001f 05       		.byte	0x5
  66 0020 696E7400 		.ascii	"int\000"
  67 0024 03       		.uleb128 0x3
  68 0025 04       		.byte	0x4
  69 0026 07       		.byte	0x7
  70 0027 D0030000 		.4byte	.LASF0
  71 002b 03       		.uleb128 0x3
  72 002c 08       		.byte	0x8
  73 002d 05       		.byte	0x5
  74 002e D0010000 		.4byte	.LASF1
  75 0032 03       		.uleb128 0x3
  76 0033 08       		.byte	0x8
  77 0034 04       		.byte	0x4
  78 0035 71080000 		.4byte	.LASF2
  79 0039 03       		.uleb128 0x3
  80 003a 01       		.byte	0x1
  81 003b 06       		.byte	0x6
  82 003c DE010000 		.4byte	.LASF3
  83 0040 04       		.uleb128 0x4
  84 0041 F7000000 		.4byte	.LASF5
  85 0045 01       		.byte	0x1
  86 0046 1D       		.byte	0x1d
  87 0047 4B000000 		.4byte	0x4b
  88 004b 03       		.uleb128 0x3
  89 004c 01       		.byte	0x1
  90 004d 08       		.byte	0x8
  91 004e 1A070000 		.4byte	.LASF4
  92 0052 04       		.uleb128 0x4
  93 0053 67030000 		.4byte	.LASF6
  94 0057 01       		.byte	0x1
  95 0058 29       		.byte	0x29
  96 0059 5D000000 		.4byte	0x5d
  97 005d 03       		.uleb128 0x3
  98 005e 02       		.byte	0x2
  99 005f 05       		.byte	0x5
 100 0060 3C070000 		.4byte	.LASF7
 101 0064 04       		.uleb128 0x4
 102 0065 9C080000 		.4byte	.LASF8
 103 0069 01       		.byte	0x1
 104 006a 2B       		.byte	0x2b
 105 006b 6F000000 		.4byte	0x6f
 106 006f 03       		.uleb128 0x3
 107 0070 02       		.byte	0x2
 108 0071 07       		.byte	0x7
 109 0072 04090000 		.4byte	.LASF9
 110 0076 03       		.uleb128 0x3
 111 0077 04       		.byte	0x4
 112 0078 05       		.byte	0x5
 113 0079 52020000 		.4byte	.LASF10
 114 007d 04       		.uleb128 0x4
ARM GAS  C:\Users\atril\AppData\Local\Temp\ccH0QUJE.s 			page 3


 115 007e 3D030000 		.4byte	.LASF11
 116 0082 01       		.byte	0x1
 117 0083 41       		.byte	0x41
 118 0084 88000000 		.4byte	0x88
 119 0088 03       		.uleb128 0x3
 120 0089 04       		.byte	0x4
 121 008a 07       		.byte	0x7
 122 008b 3F040000 		.4byte	.LASF12
 123 008f 03       		.uleb128 0x3
 124 0090 08       		.byte	0x8
 125 0091 07       		.byte	0x7
 126 0092 65010000 		.4byte	.LASF13
 127 0096 03       		.uleb128 0x3
 128 0097 04       		.byte	0x4
 129 0098 07       		.byte	0x7
 130 0099 95050000 		.4byte	.LASF14
 131 009d 03       		.uleb128 0x3
 132 009e 01       		.byte	0x1
 133 009f 08       		.byte	0x8
 134 00a0 7D080000 		.4byte	.LASF15
 135 00a4 04       		.uleb128 0x4
 136 00a5 C8090000 		.4byte	.LASF16
 137 00a9 02       		.byte	0x2
 138 00aa 18       		.byte	0x18
 139 00ab 40000000 		.4byte	0x40
 140 00af 04       		.uleb128 0x4
 141 00b0 C8010000 		.4byte	.LASF17
 142 00b4 02       		.byte	0x2
 143 00b5 20       		.byte	0x20
 144 00b6 52000000 		.4byte	0x52
 145 00ba 04       		.uleb128 0x4
 146 00bb 24040000 		.4byte	.LASF18
 147 00bf 02       		.byte	0x2
 148 00c0 24       		.byte	0x24
 149 00c1 64000000 		.4byte	0x64
 150 00c5 04       		.uleb128 0x4
 151 00c6 D6070000 		.4byte	.LASF19
 152 00ca 02       		.byte	0x2
 153 00cb 30       		.byte	0x30
 154 00cc 7D000000 		.4byte	0x7d
 155 00d0 05       		.uleb128 0x5
 156 00d1 B8       		.byte	0xb8
 157 00d2 03       		.byte	0x3
 158 00d3 34       		.byte	0x34
 159 00d4 E1040000 		.4byte	0x4e1
 160 00d8 06       		.uleb128 0x6
 161 00d9 40010000 		.4byte	.LASF20
 162 00dd 03       		.byte	0x3
 163 00de 37       		.byte	0x37
 164 00df C5000000 		.4byte	0xc5
 165 00e3 00       		.byte	0
 166 00e4 06       		.uleb128 0x6
 167 00e5 32030000 		.4byte	.LASF21
 168 00e9 03       		.byte	0x3
 169 00ea 38       		.byte	0x38
 170 00eb C5000000 		.4byte	0xc5
 171 00ef 04       		.byte	0x4
ARM GAS  C:\Users\atril\AppData\Local\Temp\ccH0QUJE.s 			page 4


 172 00f0 06       		.uleb128 0x6
 173 00f1 96020000 		.4byte	.LASF22
 174 00f5 03       		.byte	0x3
 175 00f6 39       		.byte	0x39
 176 00f7 C5000000 		.4byte	0xc5
 177 00fb 08       		.byte	0x8
 178 00fc 06       		.uleb128 0x6
 179 00fd E2060000 		.4byte	.LASF23
 180 0101 03       		.byte	0x3
 181 0102 3A       		.byte	0x3a
 182 0103 C5000000 		.4byte	0xc5
 183 0107 0C       		.byte	0xc
 184 0108 06       		.uleb128 0x6
 185 0109 FF010000 		.4byte	.LASF24
 186 010d 03       		.byte	0x3
 187 010e 3B       		.byte	0x3b
 188 010f C5000000 		.4byte	0xc5
 189 0113 10       		.byte	0x10
 190 0114 06       		.uleb128 0x6
 191 0115 48020000 		.4byte	.LASF25
 192 0119 03       		.byte	0x3
 193 011a 3C       		.byte	0x3c
 194 011b C5000000 		.4byte	0xc5
 195 011f 14       		.byte	0x14
 196 0120 06       		.uleb128 0x6
 197 0121 5C040000 		.4byte	.LASF26
 198 0125 03       		.byte	0x3
 199 0126 3D       		.byte	0x3d
 200 0127 C5000000 		.4byte	0xc5
 201 012b 18       		.byte	0x18
 202 012c 06       		.uleb128 0x6
 203 012d D8000000 		.4byte	.LASF27
 204 0131 03       		.byte	0x3
 205 0132 3E       		.byte	0x3e
 206 0133 C5000000 		.4byte	0xc5
 207 0137 1C       		.byte	0x1c
 208 0138 06       		.uleb128 0x6
 209 0139 320A0000 		.4byte	.LASF28
 210 013d 03       		.byte	0x3
 211 013e 3F       		.byte	0x3f
 212 013f C5000000 		.4byte	0xc5
 213 0143 20       		.byte	0x20
 214 0144 06       		.uleb128 0x6
 215 0145 53060000 		.4byte	.LASF29
 216 0149 03       		.byte	0x3
 217 014a 40       		.byte	0x40
 218 014b C5000000 		.4byte	0xc5
 219 014f 24       		.byte	0x24
 220 0150 06       		.uleb128 0x6
 221 0151 4A050000 		.4byte	.LASF30
 222 0155 03       		.byte	0x3
 223 0156 43       		.byte	0x43
 224 0157 A4000000 		.4byte	0xa4
 225 015b 28       		.byte	0x28
 226 015c 06       		.uleb128 0x6
 227 015d 4D000000 		.4byte	.LASF31
 228 0161 03       		.byte	0x3
ARM GAS  C:\Users\atril\AppData\Local\Temp\ccH0QUJE.s 			page 5


 229 0162 44       		.byte	0x44
 230 0163 A4000000 		.4byte	0xa4
 231 0167 29       		.byte	0x29
 232 0168 06       		.uleb128 0x6
 233 0169 280A0000 		.4byte	.LASF32
 234 016d 03       		.byte	0x3
 235 016e 45       		.byte	0x45
 236 016f A4000000 		.4byte	0xa4
 237 0173 2A       		.byte	0x2a
 238 0174 06       		.uleb128 0x6
 239 0175 45060000 		.4byte	.LASF33
 240 0179 03       		.byte	0x3
 241 017a 46       		.byte	0x46
 242 017b A4000000 		.4byte	0xa4
 243 017f 2B       		.byte	0x2b
 244 0180 06       		.uleb128 0x6
 245 0181 DA040000 		.4byte	.LASF34
 246 0185 03       		.byte	0x3
 247 0186 47       		.byte	0x47
 248 0187 A4000000 		.4byte	0xa4
 249 018b 2C       		.byte	0x2c
 250 018c 06       		.uleb128 0x6
 251 018d E3080000 		.4byte	.LASF35
 252 0191 03       		.byte	0x3
 253 0192 48       		.byte	0x48
 254 0193 A4000000 		.4byte	0xa4
 255 0197 2D       		.byte	0x2d
 256 0198 06       		.uleb128 0x6
 257 0199 08020000 		.4byte	.LASF36
 258 019d 03       		.byte	0x3
 259 019e 49       		.byte	0x49
 260 019f A4000000 		.4byte	0xa4
 261 01a3 2E       		.byte	0x2e
 262 01a4 06       		.uleb128 0x6
 263 01a5 74050000 		.4byte	.LASF37
 264 01a9 03       		.byte	0x3
 265 01aa 4A       		.byte	0x4a
 266 01ab A4000000 		.4byte	0xa4
 267 01af 2F       		.byte	0x2f
 268 01b0 06       		.uleb128 0x6
 269 01b1 82080000 		.4byte	.LASF38
 270 01b5 03       		.byte	0x3
 271 01b6 4B       		.byte	0x4b
 272 01b7 A4000000 		.4byte	0xa4
 273 01bb 30       		.byte	0x30
 274 01bc 06       		.uleb128 0x6
 275 01bd 51040000 		.4byte	.LASF39
 276 01c1 03       		.byte	0x3
 277 01c2 4E       		.byte	0x4e
 278 01c3 A4000000 		.4byte	0xa4
 279 01c7 31       		.byte	0x31
 280 01c8 06       		.uleb128 0x6
 281 01c9 E9000000 		.4byte	.LASF40
 282 01cd 03       		.byte	0x3
 283 01ce 4F       		.byte	0x4f
 284 01cf A4000000 		.4byte	0xa4
 285 01d3 32       		.byte	0x32
ARM GAS  C:\Users\atril\AppData\Local\Temp\ccH0QUJE.s 			page 6


 286 01d4 06       		.uleb128 0x6
 287 01d5 C4030000 		.4byte	.LASF41
 288 01d9 03       		.byte	0x3
 289 01da 50       		.byte	0x50
 290 01db A4000000 		.4byte	0xa4
 291 01df 33       		.byte	0x33
 292 01e0 06       		.uleb128 0x6
 293 01e1 A9050000 		.4byte	.LASF42
 294 01e5 03       		.byte	0x3
 295 01e6 51       		.byte	0x51
 296 01e7 A4000000 		.4byte	0xa4
 297 01eb 34       		.byte	0x34
 298 01ec 06       		.uleb128 0x6
 299 01ed 2E090000 		.4byte	.LASF43
 300 01f1 03       		.byte	0x3
 301 01f2 52       		.byte	0x52
 302 01f3 AF000000 		.4byte	0xaf
 303 01f7 36       		.byte	0x36
 304 01f8 06       		.uleb128 0x6
 305 01f9 B0020000 		.4byte	.LASF44
 306 01fd 03       		.byte	0x3
 307 01fe 53       		.byte	0x53
 308 01ff AF000000 		.4byte	0xaf
 309 0203 38       		.byte	0x38
 310 0204 06       		.uleb128 0x6
 311 0205 7D090000 		.4byte	.LASF45
 312 0209 03       		.byte	0x3
 313 020a 54       		.byte	0x54
 314 020b AF000000 		.4byte	0xaf
 315 020f 3A       		.byte	0x3a
 316 0210 06       		.uleb128 0x6
 317 0211 190A0000 		.4byte	.LASF46
 318 0215 03       		.byte	0x3
 319 0216 55       		.byte	0x55
 320 0217 A4000000 		.4byte	0xa4
 321 021b 3C       		.byte	0x3c
 322 021c 06       		.uleb128 0x6
 323 021d D7020000 		.4byte	.LASF47
 324 0221 03       		.byte	0x3
 325 0222 56       		.byte	0x56
 326 0223 A4000000 		.4byte	0xa4
 327 0227 3D       		.byte	0x3d
 328 0228 06       		.uleb128 0x6
 329 0229 B8070000 		.4byte	.LASF48
 330 022d 03       		.byte	0x3
 331 022e 57       		.byte	0x57
 332 022f A4000000 		.4byte	0xa4
 333 0233 3E       		.byte	0x3e
 334 0234 06       		.uleb128 0x6
 335 0235 59010000 		.4byte	.LASF49
 336 0239 03       		.byte	0x3
 337 023a 58       		.byte	0x58
 338 023b A4000000 		.4byte	0xa4
 339 023f 3F       		.byte	0x3f
 340 0240 06       		.uleb128 0x6
 341 0241 5E060000 		.4byte	.LASF50
 342 0245 03       		.byte	0x3
ARM GAS  C:\Users\atril\AppData\Local\Temp\ccH0QUJE.s 			page 7


 343 0246 59       		.byte	0x59
 344 0247 A4000000 		.4byte	0xa4
 345 024b 40       		.byte	0x40
 346 024c 06       		.uleb128 0x6
 347 024d 57030000 		.4byte	.LASF51
 348 0251 03       		.byte	0x3
 349 0252 5A       		.byte	0x5a
 350 0253 A4000000 		.4byte	0xa4
 351 0257 41       		.byte	0x41
 352 0258 06       		.uleb128 0x6
 353 0259 F6040000 		.4byte	.LASF52
 354 025d 03       		.byte	0x3
 355 025e 5B       		.byte	0x5b
 356 025f A4000000 		.4byte	0xa4
 357 0263 42       		.byte	0x42
 358 0264 06       		.uleb128 0x6
 359 0265 23060000 		.4byte	.LASF53
 360 0269 03       		.byte	0x3
 361 026a 5C       		.byte	0x5c
 362 026b A4000000 		.4byte	0xa4
 363 026f 43       		.byte	0x43
 364 0270 06       		.uleb128 0x6
 365 0271 9F020000 		.4byte	.LASF54
 366 0275 03       		.byte	0x3
 367 0276 5D       		.byte	0x5d
 368 0277 A4000000 		.4byte	0xa4
 369 027b 44       		.byte	0x44
 370 027c 06       		.uleb128 0x6
 371 027d 00000000 		.4byte	.LASF55
 372 0281 03       		.byte	0x3
 373 0282 5E       		.byte	0x5e
 374 0283 C5000000 		.4byte	0xc5
 375 0287 48       		.byte	0x48
 376 0288 06       		.uleb128 0x6
 377 0289 72020000 		.4byte	.LASF56
 378 028d 03       		.byte	0x3
 379 028e 5F       		.byte	0x5f
 380 028f C5000000 		.4byte	0xc5
 381 0293 4C       		.byte	0x4c
 382 0294 06       		.uleb128 0x6
 383 0295 A80A0000 		.4byte	.LASF57
 384 0299 03       		.byte	0x3
 385 029a 60       		.byte	0x60
 386 029b A4000000 		.4byte	0xa4
 387 029f 50       		.byte	0x50
 388 02a0 06       		.uleb128 0x6
 389 02a1 A2010000 		.4byte	.LASF58
 390 02a5 03       		.byte	0x3
 391 02a6 61       		.byte	0x61
 392 02a7 A4000000 		.4byte	0xa4
 393 02ab 51       		.byte	0x51
 394 02ac 06       		.uleb128 0x6
 395 02ad 6B060000 		.4byte	.LASF59
 396 02b1 03       		.byte	0x3
 397 02b2 62       		.byte	0x62
 398 02b3 A4000000 		.4byte	0xa4
 399 02b7 52       		.byte	0x52
ARM GAS  C:\Users\atril\AppData\Local\Temp\ccH0QUJE.s 			page 8


 400 02b8 06       		.uleb128 0x6
 401 02b9 500A0000 		.4byte	.LASF60
 402 02bd 03       		.byte	0x3
 403 02be 63       		.byte	0x63
 404 02bf A4000000 		.4byte	0xa4
 405 02c3 53       		.byte	0x53
 406 02c4 06       		.uleb128 0x6
 407 02c5 C6070000 		.4byte	.LASF61
 408 02c9 03       		.byte	0x3
 409 02ca 64       		.byte	0x64
 410 02cb A4000000 		.4byte	0xa4
 411 02cf 54       		.byte	0x54
 412 02d0 06       		.uleb128 0x6
 413 02d1 B4010000 		.4byte	.LASF62
 414 02d5 03       		.byte	0x3
 415 02d6 65       		.byte	0x65
 416 02d7 A4000000 		.4byte	0xa4
 417 02db 55       		.byte	0x55
 418 02dc 06       		.uleb128 0x6
 419 02dd F0080000 		.4byte	.LASF63
 420 02e1 03       		.byte	0x3
 421 02e2 66       		.byte	0x66
 422 02e3 A4000000 		.4byte	0xa4
 423 02e7 56       		.byte	0x56
 424 02e8 06       		.uleb128 0x6
 425 02e9 74070000 		.4byte	.LASF64
 426 02ed 03       		.byte	0x3
 427 02ee 67       		.byte	0x67
 428 02ef A4000000 		.4byte	0xa4
 429 02f3 57       		.byte	0x57
 430 02f4 06       		.uleb128 0x6
 431 02f5 12000000 		.4byte	.LASF65
 432 02f9 03       		.byte	0x3
 433 02fa 68       		.byte	0x68
 434 02fb A4000000 		.4byte	0xa4
 435 02ff 58       		.byte	0x58
 436 0300 06       		.uleb128 0x6
 437 0301 28070000 		.4byte	.LASF66
 438 0305 03       		.byte	0x3
 439 0306 69       		.byte	0x69
 440 0307 A4000000 		.4byte	0xa4
 441 030b 59       		.byte	0x59
 442 030c 06       		.uleb128 0x6
 443 030d 9E050000 		.4byte	.LASF67
 444 0311 03       		.byte	0x3
 445 0312 6E       		.byte	0x6e
 446 0313 BA000000 		.4byte	0xba
 447 0317 5A       		.byte	0x5a
 448 0318 06       		.uleb128 0x6
 449 0319 17090000 		.4byte	.LASF68
 450 031d 03       		.byte	0x3
 451 031e 6F       		.byte	0x6f
 452 031f BA000000 		.4byte	0xba
 453 0323 5C       		.byte	0x5c
 454 0324 06       		.uleb128 0x6
 455 0325 4A010000 		.4byte	.LASF69
 456 0329 03       		.byte	0x3
ARM GAS  C:\Users\atril\AppData\Local\Temp\ccH0QUJE.s 			page 9


 457 032a 70       		.byte	0x70
 458 032b A4000000 		.4byte	0xa4
 459 032f 5E       		.byte	0x5e
 460 0330 06       		.uleb128 0x6
 461 0331 CC060000 		.4byte	.LASF70
 462 0335 03       		.byte	0x3
 463 0336 71       		.byte	0x71
 464 0337 A4000000 		.4byte	0xa4
 465 033b 5F       		.byte	0x5f
 466 033c 06       		.uleb128 0x6
 467 033d 12060000 		.4byte	.LASF71
 468 0341 03       		.byte	0x3
 469 0342 72       		.byte	0x72
 470 0343 A4000000 		.4byte	0xa4
 471 0347 60       		.byte	0x60
 472 0348 06       		.uleb128 0x6
 473 0349 A5060000 		.4byte	.LASF72
 474 034d 03       		.byte	0x3
 475 034e 73       		.byte	0x73
 476 034f C5000000 		.4byte	0xc5
 477 0353 64       		.byte	0x64
 478 0354 06       		.uleb128 0x6
 479 0355 7C010000 		.4byte	.LASF73
 480 0359 03       		.byte	0x3
 481 035a 76       		.byte	0x76
 482 035b BA000000 		.4byte	0xba
 483 035f 68       		.byte	0x68
 484 0360 06       		.uleb128 0x6
 485 0361 2D040000 		.4byte	.LASF74
 486 0365 03       		.byte	0x3
 487 0366 77       		.byte	0x77
 488 0367 BA000000 		.4byte	0xba
 489 036b 6A       		.byte	0x6a
 490 036c 06       		.uleb128 0x6
 491 036d 90040000 		.4byte	.LASF75
 492 0371 03       		.byte	0x3
 493 0372 78       		.byte	0x78
 494 0373 BA000000 		.4byte	0xba
 495 0377 6C       		.byte	0x6c
 496 0378 06       		.uleb128 0x6
 497 0379 CD040000 		.4byte	.LASF76
 498 037d 03       		.byte	0x3
 499 037e 79       		.byte	0x79
 500 037f BA000000 		.4byte	0xba
 501 0383 6E       		.byte	0x6e
 502 0384 06       		.uleb128 0x6
 503 0385 60070000 		.4byte	.LASF77
 504 0389 03       		.byte	0x3
 505 038a 7B       		.byte	0x7b
 506 038b A4000000 		.4byte	0xa4
 507 038f 70       		.byte	0x70
 508 0390 06       		.uleb128 0x6
 509 0391 EA010000 		.4byte	.LASF78
 510 0395 03       		.byte	0x3
 511 0396 7C       		.byte	0x7c
 512 0397 A4000000 		.4byte	0xa4
 513 039b 71       		.byte	0x71
ARM GAS  C:\Users\atril\AppData\Local\Temp\ccH0QUJE.s 			page 10


 514 039c 06       		.uleb128 0x6
 515 039d 3A0A0000 		.4byte	.LASF79
 516 03a1 03       		.byte	0x3
 517 03a2 7D       		.byte	0x7d
 518 03a3 A4000000 		.4byte	0xa4
 519 03a7 72       		.byte	0x72
 520 03a8 06       		.uleb128 0x6
 521 03a9 D9050000 		.4byte	.LASF80
 522 03ad 03       		.byte	0x3
 523 03ae 7E       		.byte	0x7e
 524 03af A4000000 		.4byte	0xa4
 525 03b3 73       		.byte	0x73
 526 03b4 06       		.uleb128 0x6
 527 03b5 E2020000 		.4byte	.LASF81
 528 03b9 03       		.byte	0x3
 529 03ba 80       		.byte	0x80
 530 03bb BA000000 		.4byte	0xba
 531 03bf 74       		.byte	0x74
 532 03c0 06       		.uleb128 0x6
 533 03c1 C0080000 		.4byte	.LASF82
 534 03c5 03       		.byte	0x3
 535 03c6 81       		.byte	0x81
 536 03c7 BA000000 		.4byte	0xba
 537 03cb 76       		.byte	0x76
 538 03cc 06       		.uleb128 0x6
 539 03cd C2020000 		.4byte	.LASF83
 540 03d1 03       		.byte	0x3
 541 03d2 82       		.byte	0x82
 542 03d3 BA000000 		.4byte	0xba
 543 03d7 78       		.byte	0x78
 544 03d8 06       		.uleb128 0x6
 545 03d9 01010000 		.4byte	.LASF84
 546 03dd 03       		.byte	0x3
 547 03de 83       		.byte	0x83
 548 03df BA000000 		.4byte	0xba
 549 03e3 7A       		.byte	0x7a
 550 03e4 06       		.uleb128 0x6
 551 03e5 E5090000 		.4byte	.LASF85
 552 03e9 03       		.byte	0x3
 553 03ea 86       		.byte	0x86
 554 03eb A4000000 		.4byte	0xa4
 555 03ef 7C       		.byte	0x7c
 556 03f0 06       		.uleb128 0x6
 557 03f1 3B090000 		.4byte	.LASF86
 558 03f5 03       		.byte	0x3
 559 03f6 87       		.byte	0x87
 560 03f7 A4000000 		.4byte	0xa4
 561 03fb 7D       		.byte	0x7d
 562 03fc 06       		.uleb128 0x6
 563 03fd 26000000 		.4byte	.LASF87
 564 0401 03       		.byte	0x3
 565 0402 88       		.byte	0x88
 566 0403 A4000000 		.4byte	0xa4
 567 0407 7E       		.byte	0x7e
 568 0408 06       		.uleb128 0x6
 569 0409 1E030000 		.4byte	.LASF88
 570 040d 03       		.byte	0x3
ARM GAS  C:\Users\atril\AppData\Local\Temp\ccH0QUJE.s 			page 11


 571 040e 89       		.byte	0x89
 572 040f A4000000 		.4byte	0xa4
 573 0413 7F       		.byte	0x7f
 574 0414 06       		.uleb128 0x6
 575 0415 B0030000 		.4byte	.LASF89
 576 0419 03       		.byte	0x3
 577 041a 8A       		.byte	0x8a
 578 041b A4000000 		.4byte	0xa4
 579 041f 80       		.byte	0x80
 580 0420 06       		.uleb128 0x6
 581 0421 2D050000 		.4byte	.LASF90
 582 0425 03       		.byte	0x3
 583 0426 8D       		.byte	0x8d
 584 0427 C5000000 		.4byte	0xc5
 585 042b 84       		.byte	0x84
 586 042c 06       		.uleb128 0x6
 587 042d 5B020000 		.4byte	.LASF91
 588 0431 03       		.byte	0x3
 589 0432 8E       		.byte	0x8e
 590 0433 C5000000 		.4byte	0xc5
 591 0437 88       		.byte	0x88
 592 0438 06       		.uleb128 0x6
 593 0439 D0090000 		.4byte	.LASF92
 594 043d 03       		.byte	0x3
 595 043e 8F       		.byte	0x8f
 596 043f C5000000 		.4byte	0xc5
 597 0443 8C       		.byte	0x8c
 598 0444 06       		.uleb128 0x6
 599 0445 80050000 		.4byte	.LASF93
 600 0449 03       		.byte	0x3
 601 044a 90       		.byte	0x90
 602 044b C5000000 		.4byte	0xc5
 603 044f 90       		.byte	0x90
 604 0450 06       		.uleb128 0x6
 605 0451 71030000 		.4byte	.LASF94
 606 0455 03       		.byte	0x3
 607 0456 91       		.byte	0x91
 608 0457 C5000000 		.4byte	0xc5
 609 045b 94       		.byte	0x94
 610 045c 06       		.uleb128 0x6
 611 045d 17050000 		.4byte	.LASF95
 612 0461 03       		.byte	0x3
 613 0462 92       		.byte	0x92
 614 0463 C5000000 		.4byte	0xc5
 615 0467 98       		.byte	0x98
 616 0468 06       		.uleb128 0x6
 617 0469 FA090000 		.4byte	.LASF96
 618 046d 03       		.byte	0x3
 619 046e 93       		.byte	0x93
 620 046f C5000000 		.4byte	0xc5
 621 0473 9C       		.byte	0x9c
 622 0474 06       		.uleb128 0x6
 623 0475 8C010000 		.4byte	.LASF97
 624 0479 03       		.byte	0x3
 625 047a 94       		.byte	0x94
 626 047b C5000000 		.4byte	0xc5
 627 047f A0       		.byte	0xa0
ARM GAS  C:\Users\atril\AppData\Local\Temp\ccH0QUJE.s 			page 12


 628 0480 06       		.uleb128 0x6
 629 0481 13020000 		.4byte	.LASF98
 630 0485 03       		.byte	0x3
 631 0486 95       		.byte	0x95
 632 0487 BA000000 		.4byte	0xba
 633 048b A4       		.byte	0xa4
 634 048c 06       		.uleb128 0x6
 635 048d 02050000 		.4byte	.LASF99
 636 0491 03       		.byte	0x3
 637 0492 96       		.byte	0x96
 638 0493 BA000000 		.4byte	0xba
 639 0497 A6       		.byte	0xa6
 640 0498 06       		.uleb128 0x6
 641 0499 C0060000 		.4byte	.LASF100
 642 049d 03       		.byte	0x3
 643 049e 97       		.byte	0x97
 644 049f BA000000 		.4byte	0xba
 645 04a3 A8       		.byte	0xa8
 646 04a4 06       		.uleb128 0x6
 647 04a5 8E080000 		.4byte	.LASF101
 648 04a9 03       		.byte	0x3
 649 04aa 98       		.byte	0x98
 650 04ab BA000000 		.4byte	0xba
 651 04af AA       		.byte	0xaa
 652 04b0 06       		.uleb128 0x6
 653 04b1 9F040000 		.4byte	.LASF102
 654 04b5 03       		.byte	0x3
 655 04b6 99       		.byte	0x99
 656 04b7 BA000000 		.4byte	0xba
 657 04bb AC       		.byte	0xac
 658 04bc 06       		.uleb128 0x6
 659 04bd F0050000 		.4byte	.LASF103
 660 04c1 03       		.byte	0x3
 661 04c2 9A       		.byte	0x9a
 662 04c3 BA000000 		.4byte	0xba
 663 04c7 AE       		.byte	0xae
 664 04c8 06       		.uleb128 0x6
 665 04c9 20090000 		.4byte	.LASF104
 666 04cd 03       		.byte	0x3
 667 04ce 9D       		.byte	0x9d
 668 04cf BA000000 		.4byte	0xba
 669 04d3 B0       		.byte	0xb0
 670 04d4 06       		.uleb128 0x6
 671 04d5 39000000 		.4byte	.LASF105
 672 04d9 03       		.byte	0x3
 673 04da 9E       		.byte	0x9e
 674 04db C5000000 		.4byte	0xc5
 675 04df B4       		.byte	0xb4
 676 04e0 00       		.byte	0
 677 04e1 04       		.uleb128 0x4
 678 04e2 E6040000 		.4byte	.LASF106
 679 04e6 03       		.byte	0x3
 680 04e7 9F       		.byte	0x9f
 681 04e8 D0000000 		.4byte	0xd0
 682 04ec 03       		.uleb128 0x3
 683 04ed 04       		.byte	0x4
 684 04ee 04       		.byte	0x4
ARM GAS  C:\Users\atril\AppData\Local\Temp\ccH0QUJE.s 			page 13


 685 04ef 9F060000 		.4byte	.LASF107
 686 04f3 03       		.uleb128 0x3
 687 04f4 08       		.byte	0x8
 688 04f5 04       		.byte	0x4
 689 04f6 BB020000 		.4byte	.LASF108
 690 04fa 07       		.uleb128 0x7
 691 04fb 02       		.byte	0x2
 692 04fc 04       		.byte	0x4
 693 04fd 6401     		.2byte	0x164
 694 04ff 1E050000 		.4byte	0x51e
 695 0503 08       		.uleb128 0x8
 696 0504 100A0000 		.4byte	.LASF109
 697 0508 04       		.byte	0x4
 698 0509 6E01     		.2byte	0x16e
 699 050b A4000000 		.4byte	0xa4
 700 050f 00       		.byte	0
 701 0510 08       		.uleb128 0x8
 702 0511 44050000 		.4byte	.LASF110
 703 0515 04       		.byte	0x4
 704 0516 7201     		.2byte	0x172
 705 0518 A4000000 		.4byte	0xa4
 706 051c 01       		.byte	0x1
 707 051d 00       		.byte	0
 708 051e 09       		.uleb128 0x9
 709 051f 16010000 		.4byte	.LASF111
 710 0523 04       		.byte	0x4
 711 0524 7401     		.2byte	0x174
 712 0526 FA040000 		.4byte	0x4fa
 713 052a 09       		.uleb128 0x9
 714 052b 57050000 		.4byte	.LASF112
 715 052f 05       		.byte	0x5
 716 0530 7F01     		.2byte	0x17f
 717 0532 BA000000 		.4byte	0xba
 718 0536 0A       		.uleb128 0xa
 719 0537 01       		.byte	0x1
 720 0538 4B000000 		.4byte	0x4b
 721 053c 06       		.byte	0x6
 722 053d 7E       		.byte	0x7e
 723 053e 5B050000 		.4byte	0x55b
 724 0542 0B       		.uleb128 0xb
 725 0543 AF090000 		.4byte	.LASF113
 726 0547 00       		.byte	0
 727 0548 0B       		.uleb128 0xb
 728 0549 BA050000 		.4byte	.LASF114
 729 054d 01       		.byte	0x1
 730 054e 0B       		.uleb128 0xb
 731 054f 92090000 		.4byte	.LASF115
 732 0553 02       		.byte	0x2
 733 0554 0B       		.uleb128 0xb
 734 0555 28020000 		.4byte	.LASF116
 735 0559 03       		.byte	0x3
 736 055a 00       		.byte	0
 737 055b 04       		.uleb128 0x4
 738 055c 80020000 		.4byte	.LASF117
 739 0560 06       		.byte	0x6
 740 0561 83       		.byte	0x83
 741 0562 36050000 		.4byte	0x536
ARM GAS  C:\Users\atril\AppData\Local\Temp\ccH0QUJE.s 			page 14


 742 0566 0A       		.uleb128 0xa
 743 0567 01       		.byte	0x1
 744 0568 4B000000 		.4byte	0x4b
 745 056c 06       		.byte	0x6
 746 056d 87       		.byte	0x87
 747 056e A3050000 		.4byte	0x5a3
 748 0572 0B       		.uleb128 0xb
 749 0573 4C090000 		.4byte	.LASF118
 750 0577 00       		.byte	0
 751 0578 0B       		.uleb128 0xb
 752 0579 770A0000 		.4byte	.LASF119
 753 057d 01       		.byte	0x1
 754 057e 0B       		.uleb128 0xb
 755 057f DD030000 		.4byte	.LASF120
 756 0583 02       		.byte	0x2
 757 0584 0B       		.uleb128 0xb
 758 0585 86030000 		.4byte	.LASF121
 759 0589 03       		.byte	0x3
 760 058a 0B       		.uleb128 0xb
 761 058b F4020000 		.4byte	.LASF122
 762 058f 04       		.byte	0x4
 763 0590 0B       		.uleb128 0xb
 764 0591 EA060000 		.4byte	.LASF123
 765 0595 05       		.byte	0x5
 766 0596 0B       		.uleb128 0xb
 767 0597 F9030000 		.4byte	.LASF124
 768 059b 06       		.byte	0x6
 769 059c 0B       		.uleb128 0xb
 770 059d 7B060000 		.4byte	.LASF125
 771 05a1 07       		.byte	0x7
 772 05a2 00       		.byte	0
 773 05a3 04       		.uleb128 0x4
 774 05a4 2E060000 		.4byte	.LASF126
 775 05a8 06       		.byte	0x6
 776 05a9 90       		.byte	0x90
 777 05aa 66050000 		.4byte	0x566
 778 05ae 03       		.uleb128 0x3
 779 05af 01       		.byte	0x1
 780 05b0 02       		.byte	0x2
 781 05b1 14070000 		.4byte	.LASF127
 782 05b5 05       		.uleb128 0x5
 783 05b6 06       		.byte	0x6
 784 05b7 07       		.byte	0x7
 785 05b8 3B       		.byte	0x3b
 786 05b9 D6050000 		.4byte	0x5d6
 787 05bd 06       		.uleb128 0x6
 788 05be 620A0000 		.4byte	.LASF128
 789 05c2 07       		.byte	0x7
 790 05c3 3E       		.byte	0x3e
 791 05c4 2A050000 		.4byte	0x52a
 792 05c8 00       		.byte	0
 793 05c9 06       		.uleb128 0x6
 794 05ca B90A0000 		.4byte	.LASF129
 795 05ce 07       		.byte	0x7
 796 05cf 41       		.byte	0x41
 797 05d0 D6050000 		.4byte	0x5d6
 798 05d4 02       		.byte	0x2
ARM GAS  C:\Users\atril\AppData\Local\Temp\ccH0QUJE.s 			page 15


 799 05d5 00       		.byte	0
 800 05d6 0C       		.uleb128 0xc
 801 05d7 2A050000 		.4byte	0x52a
 802 05db E6050000 		.4byte	0x5e6
 803 05df 0D       		.uleb128 0xd
 804 05e0 96000000 		.4byte	0x96
 805 05e4 01       		.byte	0x1
 806 05e5 00       		.byte	0
 807 05e6 04       		.uleb128 0x4
 808 05e7 46070000 		.4byte	.LASF130
 809 05eb 07       		.byte	0x7
 810 05ec 43       		.byte	0x43
 811 05ed B5050000 		.4byte	0x5b5
 812 05f1 05       		.uleb128 0x5
 813 05f2 14       		.byte	0x14
 814 05f3 07       		.byte	0x7
 815 05f4 46       		.byte	0x46
 816 05f5 12060000 		.4byte	0x612
 817 05f9 06       		.uleb128 0x6
 818 05fa 2F010000 		.4byte	.LASF131
 819 05fe 07       		.byte	0x7
 820 05ff 49       		.byte	0x49
 821 0600 2A050000 		.4byte	0x52a
 822 0604 00       		.byte	0
 823 0605 06       		.uleb128 0x6
 824 0606 48030000 		.4byte	.LASF132
 825 060a 07       		.byte	0x7
 826 060b 4C       		.byte	0x4c
 827 060c 12060000 		.4byte	0x612
 828 0610 02       		.byte	0x2
 829 0611 00       		.byte	0
 830 0612 0C       		.uleb128 0xc
 831 0613 E6050000 		.4byte	0x5e6
 832 0617 22060000 		.4byte	0x622
 833 061b 0D       		.uleb128 0xd
 834 061c 96000000 		.4byte	0x96
 835 0620 02       		.byte	0x2
 836 0621 00       		.byte	0
 837 0622 04       		.uleb128 0x4
 838 0623 A3070000 		.4byte	.LASF133
 839 0627 07       		.byte	0x7
 840 0628 4E       		.byte	0x4e
 841 0629 F1050000 		.4byte	0x5f1
 842 062d 05       		.uleb128 0x5
 843 062e 04       		.byte	0x4
 844 062f 07       		.byte	0x7
 845 0630 90       		.byte	0x90
 846 0631 42060000 		.4byte	0x642
 847 0635 06       		.uleb128 0x6
 848 0636 E1000000 		.4byte	.LASF134
 849 063a 07       		.byte	0x7
 850 063b 94       		.byte	0x94
 851 063c 42060000 		.4byte	0x642
 852 0640 00       		.byte	0
 853 0641 00       		.byte	0
 854 0642 0E       		.uleb128 0xe
 855 0643 04       		.byte	0x4
ARM GAS  C:\Users\atril\AppData\Local\Temp\ccH0QUJE.s 			page 16


 856 0644 48060000 		.4byte	0x648
 857 0648 0F       		.uleb128 0xf
 858 0649 22060000 		.4byte	0x622
 859 064d 04       		.uleb128 0x4
 860 064e 88070000 		.4byte	.LASF135
 861 0652 07       		.byte	0x7
 862 0653 9B       		.byte	0x9b
 863 0654 2D060000 		.4byte	0x62d
 864 0658 0C       		.uleb128 0xc
 865 0659 48060000 		.4byte	0x648
 866 065d 68060000 		.4byte	0x668
 867 0661 0D       		.uleb128 0xd
 868 0662 96000000 		.4byte	0x96
 869 0666 00       		.byte	0
 870 0667 00       		.byte	0
 871 0668 10       		.uleb128 0x10
 872 0669 BE040000 		.4byte	.LASF145
 873 066d 08       		.byte	0x8
 874 066e 1A       		.byte	0x1a
 875 066f 79060000 		.4byte	0x679
 876 0673 05       		.uleb128 0x5
 877 0674 03       		.byte	0x3
 878 0675 00000000 		.4byte	cy_ble_customs
 879 0679 0F       		.uleb128 0xf
 880 067a 58060000 		.4byte	0x658
 881 067e 11       		.uleb128 0x11
 882 067f B6060000 		.4byte	.LASF136
 883 0683 03       		.byte	0x3
 884 0684 A7       		.byte	0xa7
 885 0685 89060000 		.4byte	0x689
 886 0689 0E       		.uleb128 0xe
 887 068a 04       		.byte	0x4
 888 068b 8F060000 		.4byte	0x68f
 889 068f 0F       		.uleb128 0xf
 890 0690 E1040000 		.4byte	0x4e1
 891 0694 12       		.uleb128 0x12
 892 0695 D3080000 		.4byte	.LASF137
 893 0699 06       		.byte	0x6
 894 069a 2202     		.2byte	0x222
 895 069c 5B050000 		.4byte	0x55b
 896 06a0 0C       		.uleb128 0xc
 897 06a1 1E050000 		.4byte	0x51e
 898 06a5 B0060000 		.4byte	0x6b0
 899 06a9 0D       		.uleb128 0xd
 900 06aa 96000000 		.4byte	0x96
 901 06ae 00       		.byte	0
 902 06af 00       		.byte	0
 903 06b0 12       		.uleb128 0x12
 904 06b1 6B090000 		.4byte	.LASF138
 905 06b5 06       		.byte	0x6
 906 06b6 2C02     		.2byte	0x22c
 907 06b8 A0060000 		.4byte	0x6a0
 908 06bc 0C       		.uleb128 0xc
 909 06bd A3050000 		.4byte	0x5a3
 910 06c1 CC060000 		.4byte	0x6cc
 911 06c5 0D       		.uleb128 0xd
 912 06c6 96000000 		.4byte	0x96
ARM GAS  C:\Users\atril\AppData\Local\Temp\ccH0QUJE.s 			page 17


 913 06ca 00       		.byte	0
 914 06cb 00       		.byte	0
 915 06cc 12       		.uleb128 0x12
 916 06cd AD040000 		.4byte	.LASF139
 917 06d1 06       		.byte	0x6
 918 06d2 2D02     		.2byte	0x22d
 919 06d4 BC060000 		.4byte	0x6bc
 920 06d8 12       		.uleb128 0x12
 921 06d9 A7080000 		.4byte	.LASF140
 922 06dd 06       		.byte	0x6
 923 06de 5202     		.2byte	0x252
 924 06e0 A4000000 		.4byte	0xa4
 925 06e4 13       		.uleb128 0x13
 926 06e5 FE050000 		.4byte	.LASF141
 927 06e9 08       		.byte	0x8
 928 06ea 53       		.byte	0x53
 929 06eb 4D060000 		.4byte	0x64d
 930 06ef 05       		.uleb128 0x5
 931 06f0 03       		.byte	0x3
 932 06f1 00000000 		.4byte	cy_ble_customConfig
 933 06f5 00       		.byte	0
 934              		.section	.debug_abbrev,"",%progbits
 935              	.Ldebug_abbrev0:
 936 0000 01       		.uleb128 0x1
 937 0001 11       		.uleb128 0x11
 938 0002 01       		.byte	0x1
 939 0003 25       		.uleb128 0x25
 940 0004 0E       		.uleb128 0xe
 941 0005 13       		.uleb128 0x13
 942 0006 0B       		.uleb128 0xb
 943 0007 03       		.uleb128 0x3
 944 0008 0E       		.uleb128 0xe
 945 0009 1B       		.uleb128 0x1b
 946 000a 0E       		.uleb128 0xe
 947 000b 10       		.uleb128 0x10
 948 000c 17       		.uleb128 0x17
 949 000d 00       		.byte	0
 950 000e 00       		.byte	0
 951 000f 02       		.uleb128 0x2
 952 0010 24       		.uleb128 0x24
 953 0011 00       		.byte	0
 954 0012 0B       		.uleb128 0xb
 955 0013 0B       		.uleb128 0xb
 956 0014 3E       		.uleb128 0x3e
 957 0015 0B       		.uleb128 0xb
 958 0016 03       		.uleb128 0x3
 959 0017 08       		.uleb128 0x8
 960 0018 00       		.byte	0
 961 0019 00       		.byte	0
 962 001a 03       		.uleb128 0x3
 963 001b 24       		.uleb128 0x24
 964 001c 00       		.byte	0
 965 001d 0B       		.uleb128 0xb
 966 001e 0B       		.uleb128 0xb
 967 001f 3E       		.uleb128 0x3e
 968 0020 0B       		.uleb128 0xb
 969 0021 03       		.uleb128 0x3
ARM GAS  C:\Users\atril\AppData\Local\Temp\ccH0QUJE.s 			page 18


 970 0022 0E       		.uleb128 0xe
 971 0023 00       		.byte	0
 972 0024 00       		.byte	0
 973 0025 04       		.uleb128 0x4
 974 0026 16       		.uleb128 0x16
 975 0027 00       		.byte	0
 976 0028 03       		.uleb128 0x3
 977 0029 0E       		.uleb128 0xe
 978 002a 3A       		.uleb128 0x3a
 979 002b 0B       		.uleb128 0xb
 980 002c 3B       		.uleb128 0x3b
 981 002d 0B       		.uleb128 0xb
 982 002e 49       		.uleb128 0x49
 983 002f 13       		.uleb128 0x13
 984 0030 00       		.byte	0
 985 0031 00       		.byte	0
 986 0032 05       		.uleb128 0x5
 987 0033 13       		.uleb128 0x13
 988 0034 01       		.byte	0x1
 989 0035 0B       		.uleb128 0xb
 990 0036 0B       		.uleb128 0xb
 991 0037 3A       		.uleb128 0x3a
 992 0038 0B       		.uleb128 0xb
 993 0039 3B       		.uleb128 0x3b
 994 003a 0B       		.uleb128 0xb
 995 003b 01       		.uleb128 0x1
 996 003c 13       		.uleb128 0x13
 997 003d 00       		.byte	0
 998 003e 00       		.byte	0
 999 003f 06       		.uleb128 0x6
 1000 0040 0D       		.uleb128 0xd
 1001 0041 00       		.byte	0
 1002 0042 03       		.uleb128 0x3
 1003 0043 0E       		.uleb128 0xe
 1004 0044 3A       		.uleb128 0x3a
 1005 0045 0B       		.uleb128 0xb
 1006 0046 3B       		.uleb128 0x3b
 1007 0047 0B       		.uleb128 0xb
 1008 0048 49       		.uleb128 0x49
 1009 0049 13       		.uleb128 0x13
 1010 004a 38       		.uleb128 0x38
 1011 004b 0B       		.uleb128 0xb
 1012 004c 00       		.byte	0
 1013 004d 00       		.byte	0
 1014 004e 07       		.uleb128 0x7
 1015 004f 13       		.uleb128 0x13
 1016 0050 01       		.byte	0x1
 1017 0051 0B       		.uleb128 0xb
 1018 0052 0B       		.uleb128 0xb
 1019 0053 3A       		.uleb128 0x3a
 1020 0054 0B       		.uleb128 0xb
 1021 0055 3B       		.uleb128 0x3b
 1022 0056 05       		.uleb128 0x5
 1023 0057 01       		.uleb128 0x1
 1024 0058 13       		.uleb128 0x13
 1025 0059 00       		.byte	0
 1026 005a 00       		.byte	0
ARM GAS  C:\Users\atril\AppData\Local\Temp\ccH0QUJE.s 			page 19


 1027 005b 08       		.uleb128 0x8
 1028 005c 0D       		.uleb128 0xd
 1029 005d 00       		.byte	0
 1030 005e 03       		.uleb128 0x3
 1031 005f 0E       		.uleb128 0xe
 1032 0060 3A       		.uleb128 0x3a
 1033 0061 0B       		.uleb128 0xb
 1034 0062 3B       		.uleb128 0x3b
 1035 0063 05       		.uleb128 0x5
 1036 0064 49       		.uleb128 0x49
 1037 0065 13       		.uleb128 0x13
 1038 0066 38       		.uleb128 0x38
 1039 0067 0B       		.uleb128 0xb
 1040 0068 00       		.byte	0
 1041 0069 00       		.byte	0
 1042 006a 09       		.uleb128 0x9
 1043 006b 16       		.uleb128 0x16
 1044 006c 00       		.byte	0
 1045 006d 03       		.uleb128 0x3
 1046 006e 0E       		.uleb128 0xe
 1047 006f 3A       		.uleb128 0x3a
 1048 0070 0B       		.uleb128 0xb
 1049 0071 3B       		.uleb128 0x3b
 1050 0072 05       		.uleb128 0x5
 1051 0073 49       		.uleb128 0x49
 1052 0074 13       		.uleb128 0x13
 1053 0075 00       		.byte	0
 1054 0076 00       		.byte	0
 1055 0077 0A       		.uleb128 0xa
 1056 0078 04       		.uleb128 0x4
 1057 0079 01       		.byte	0x1
 1058 007a 0B       		.uleb128 0xb
 1059 007b 0B       		.uleb128 0xb
 1060 007c 49       		.uleb128 0x49
 1061 007d 13       		.uleb128 0x13
 1062 007e 3A       		.uleb128 0x3a
 1063 007f 0B       		.uleb128 0xb
 1064 0080 3B       		.uleb128 0x3b
 1065 0081 0B       		.uleb128 0xb
 1066 0082 01       		.uleb128 0x1
 1067 0083 13       		.uleb128 0x13
 1068 0084 00       		.byte	0
 1069 0085 00       		.byte	0
 1070 0086 0B       		.uleb128 0xb
 1071 0087 28       		.uleb128 0x28
 1072 0088 00       		.byte	0
 1073 0089 03       		.uleb128 0x3
 1074 008a 0E       		.uleb128 0xe
 1075 008b 1C       		.uleb128 0x1c
 1076 008c 0B       		.uleb128 0xb
 1077 008d 00       		.byte	0
 1078 008e 00       		.byte	0
 1079 008f 0C       		.uleb128 0xc
 1080 0090 01       		.uleb128 0x1
 1081 0091 01       		.byte	0x1
 1082 0092 49       		.uleb128 0x49
 1083 0093 13       		.uleb128 0x13
ARM GAS  C:\Users\atril\AppData\Local\Temp\ccH0QUJE.s 			page 20


 1084 0094 01       		.uleb128 0x1
 1085 0095 13       		.uleb128 0x13
 1086 0096 00       		.byte	0
 1087 0097 00       		.byte	0
 1088 0098 0D       		.uleb128 0xd
 1089 0099 21       		.uleb128 0x21
 1090 009a 00       		.byte	0
 1091 009b 49       		.uleb128 0x49
 1092 009c 13       		.uleb128 0x13
 1093 009d 2F       		.uleb128 0x2f
 1094 009e 0B       		.uleb128 0xb
 1095 009f 00       		.byte	0
 1096 00a0 00       		.byte	0
 1097 00a1 0E       		.uleb128 0xe
 1098 00a2 0F       		.uleb128 0xf
 1099 00a3 00       		.byte	0
 1100 00a4 0B       		.uleb128 0xb
 1101 00a5 0B       		.uleb128 0xb
 1102 00a6 49       		.uleb128 0x49
 1103 00a7 13       		.uleb128 0x13
 1104 00a8 00       		.byte	0
 1105 00a9 00       		.byte	0
 1106 00aa 0F       		.uleb128 0xf
 1107 00ab 26       		.uleb128 0x26
 1108 00ac 00       		.byte	0
 1109 00ad 49       		.uleb128 0x49
 1110 00ae 13       		.uleb128 0x13
 1111 00af 00       		.byte	0
 1112 00b0 00       		.byte	0
 1113 00b1 10       		.uleb128 0x10
 1114 00b2 34       		.uleb128 0x34
 1115 00b3 00       		.byte	0
 1116 00b4 03       		.uleb128 0x3
 1117 00b5 0E       		.uleb128 0xe
 1118 00b6 3A       		.uleb128 0x3a
 1119 00b7 0B       		.uleb128 0xb
 1120 00b8 3B       		.uleb128 0x3b
 1121 00b9 0B       		.uleb128 0xb
 1122 00ba 49       		.uleb128 0x49
 1123 00bb 13       		.uleb128 0x13
 1124 00bc 02       		.uleb128 0x2
 1125 00bd 18       		.uleb128 0x18
 1126 00be 00       		.byte	0
 1127 00bf 00       		.byte	0
 1128 00c0 11       		.uleb128 0x11
 1129 00c1 34       		.uleb128 0x34
 1130 00c2 00       		.byte	0
 1131 00c3 03       		.uleb128 0x3
 1132 00c4 0E       		.uleb128 0xe
 1133 00c5 3A       		.uleb128 0x3a
 1134 00c6 0B       		.uleb128 0xb
 1135 00c7 3B       		.uleb128 0x3b
 1136 00c8 0B       		.uleb128 0xb
 1137 00c9 49       		.uleb128 0x49
 1138 00ca 13       		.uleb128 0x13
 1139 00cb 3F       		.uleb128 0x3f
 1140 00cc 19       		.uleb128 0x19
ARM GAS  C:\Users\atril\AppData\Local\Temp\ccH0QUJE.s 			page 21


 1141 00cd 3C       		.uleb128 0x3c
 1142 00ce 19       		.uleb128 0x19
 1143 00cf 00       		.byte	0
 1144 00d0 00       		.byte	0
 1145 00d1 12       		.uleb128 0x12
 1146 00d2 34       		.uleb128 0x34
 1147 00d3 00       		.byte	0
 1148 00d4 03       		.uleb128 0x3
 1149 00d5 0E       		.uleb128 0xe
 1150 00d6 3A       		.uleb128 0x3a
 1151 00d7 0B       		.uleb128 0xb
 1152 00d8 3B       		.uleb128 0x3b
 1153 00d9 05       		.uleb128 0x5
 1154 00da 49       		.uleb128 0x49
 1155 00db 13       		.uleb128 0x13
 1156 00dc 3F       		.uleb128 0x3f
 1157 00dd 19       		.uleb128 0x19
 1158 00de 3C       		.uleb128 0x3c
 1159 00df 19       		.uleb128 0x19
 1160 00e0 00       		.byte	0
 1161 00e1 00       		.byte	0
 1162 00e2 13       		.uleb128 0x13
 1163 00e3 34       		.uleb128 0x34
 1164 00e4 00       		.byte	0
 1165 00e5 03       		.uleb128 0x3
 1166 00e6 0E       		.uleb128 0xe
 1167 00e7 3A       		.uleb128 0x3a
 1168 00e8 0B       		.uleb128 0xb
 1169 00e9 3B       		.uleb128 0x3b
 1170 00ea 0B       		.uleb128 0xb
 1171 00eb 49       		.uleb128 0x49
 1172 00ec 13       		.uleb128 0x13
 1173 00ed 3F       		.uleb128 0x3f
 1174 00ee 19       		.uleb128 0x19
 1175 00ef 02       		.uleb128 0x2
 1176 00f0 18       		.uleb128 0x18
 1177 00f1 00       		.byte	0
 1178 00f2 00       		.byte	0
 1179 00f3 00       		.byte	0
 1180              		.section	.debug_aranges,"",%progbits
 1181 0000 14000000 		.4byte	0x14
 1182 0004 0200     		.2byte	0x2
 1183 0006 00000000 		.4byte	.Ldebug_info0
 1184 000a 04       		.byte	0x4
 1185 000b 00       		.byte	0
 1186 000c 0000     		.2byte	0
 1187 000e 0000     		.2byte	0
 1188 0010 00000000 		.4byte	0
 1189 0014 00000000 		.4byte	0
 1190              		.section	.debug_line,"",%progbits
 1191              	.Ldebug_line0:
 1192 0000 08020000 		.section	.debug_str,"MS",%progbits,1
 1192      02000202 
 1192      00000201 
 1192      FB0E0D00 
 1192      01010101 
 1193              	.LASF55:
ARM GAS  C:\Users\atril\AppData\Local\Temp\ccH0QUJE.s 			page 22


 1194 0000 70726F74 		.ascii	"protBusMasterMask\000"
 1194      4275734D 
 1194      61737465 
 1194      724D6173 
 1194      6B00
 1195              	.LASF65:
 1196 0012 666C6173 		.ascii	"flashCtlMainWs3Freq\000"
 1196      6843746C 
 1196      4D61696E 
 1196      57733346 
 1196      72657100 
 1197              	.LASF87:
 1198 0026 6770696F 		.ascii	"gpioPrtCfgInOffset\000"
 1198      50727443 
 1198      6667496E 
 1198      4F666673 
 1198      657400
 1199              	.LASF105:
 1200 0039 6970634C 		.ascii	"ipcLockStatusOffset\000"
 1200      6F636B53 
 1200      74617475 
 1200      734F6666 
 1200      73657400 
 1201              	.LASF31:
 1202 004d 63727970 		.ascii	"cryptoVersion\000"
 1202      746F5665 
 1202      7273696F 
 1202      6E00
 1203              	.LASF144:
 1204 005b 453A5C4F 		.ascii	"E:\\OneDrive - Universite Libre de Bruxelles\\Docum"
 1204      6E654472 
 1204      69766520 
 1204      2D20556E 
 1204      69766572 
 1205 008c 656E7473 		.ascii	"ents\\PSoC Creator\\GitPSOC\\PSOCprojectRainDisdrom"
 1205      5C50536F 
 1205      43204372 
 1205      6561746F 
 1205      725C4769 
 1206 00bc 65746572 		.ascii	"eter\\Bluetooth\\BLEled.cydsn\000"
 1206      5C426C75 
 1206      65746F6F 
 1206      74685C42 
 1206      4C456C65 
 1207              	.LASF27:
 1208 00d8 70617373 		.ascii	"passBase\000"
 1208      42617365 
 1208      00
 1209              	.LASF134:
 1210 00e1 63757374 		.ascii	"customs\000"
 1210      6F6D7300 
 1211              	.LASF40:
 1212 00e9 63707573 		.ascii	"cpussIpcIrqNr\000"
 1212      73497063 
 1212      4972714E 
 1212      7200
 1213              	.LASF5:
ARM GAS  C:\Users\atril\AppData\Local\Temp\ccH0QUJE.s 			page 23


 1214 00f7 5F5F7569 		.ascii	"__uint8_t\000"
 1214      6E74385F 
 1214      7400
 1215              	.LASF84:
 1216 0101 70657269 		.ascii	"periDiv24_5CtlOffset\000"
 1216      44697632 
 1216      345F3543 
 1216      746C4F66 
 1216      66736574 
 1217              	.LASF111:
 1218 0116 63795F73 		.ascii	"cy_stc_ble_conn_handle_t\000"
 1218      74635F62 
 1218      6C655F63 
 1218      6F6E6E5F 
 1218      68616E64 
 1219              	.LASF131:
 1220 012f 63757374 		.ascii	"customServHandle\000"
 1220      6F6D5365 
 1220      72764861 
 1220      6E646C65 
 1220      00
 1221              	.LASF20:
 1222 0140 63707573 		.ascii	"cpussBase\000"
 1222      73426173 
 1222      6500
 1223              	.LASF69:
 1224 014a 64774368 		.ascii	"dwChCtlPrioPos\000"
 1224      43746C50 
 1224      72696F50 
 1224      6F7300
 1225              	.LASF49:
 1226 0159 70657269 		.ascii	"periClockNr\000"
 1226      436C6F63 
 1226      6B4E7200 
 1227              	.LASF13:
 1228 0165 6C6F6E67 		.ascii	"long long unsigned int\000"
 1228      206C6F6E 
 1228      6720756E 
 1228      7369676E 
 1228      65642069 
 1229              	.LASF73:
 1230 017c 70657269 		.ascii	"periTrCmdOffset\000"
 1230      5472436D 
 1230      644F6666 
 1230      73657400 
 1231              	.LASF97:
 1232 018c 63707573 		.ascii	"cpussSysTickCtlOffset\000"
 1232      73537973 
 1232      5469636B 
 1232      43746C4F 
 1232      66667365 
 1233              	.LASF58:
 1234 01a2 666C6173 		.ascii	"flashPipeRequired\000"
 1234      68506970 
 1234      65526571 
 1234      75697265 
 1234      6400
ARM GAS  C:\Users\atril\AppData\Local\Temp\ccH0QUJE.s 			page 24


 1235              	.LASF62:
 1236 01b4 666C6173 		.ascii	"flashCtlMainWs0Freq\000"
 1236      6843746C 
 1236      4D61696E 
 1236      57733046 
 1236      72657100 
 1237              	.LASF17:
 1238 01c8 696E7431 		.ascii	"int16_t\000"
 1238      365F7400 
 1239              	.LASF1:
 1240 01d0 6C6F6E67 		.ascii	"long long int\000"
 1240      206C6F6E 
 1240      6720696E 
 1240      7400
 1241              	.LASF3:
 1242 01de 7369676E 		.ascii	"signed char\000"
 1242      65642063 
 1242      68617200 
 1243              	.LASF78:
 1244 01ea 70657269 		.ascii	"periDivCmdTypeSelPos\000"
 1244      44697643 
 1244      6D645479 
 1244      70655365 
 1244      6C506F73 
 1245              	.LASF24:
 1246 01ff 70726F74 		.ascii	"protBase\000"
 1246      42617365 
 1246      00
 1247              	.LASF36:
 1248 0208 69706356 		.ascii	"ipcVersion\000"
 1248      65727369 
 1248      6F6E00
 1249              	.LASF98:
 1250 0213 63707573 		.ascii	"cpussCm0NmiCtlOffset\000"
 1250      73436D30 
 1250      4E6D6943 
 1250      746C4F66 
 1250      66736574 
 1251              	.LASF116:
 1252 0228 43595F42 		.ascii	"CY_BLE_ADV_STATE_STOP_INITIATED\000"
 1252      4C455F41 
 1252      44565F53 
 1252      54415445 
 1252      5F53544F 
 1253              	.LASF25:
 1254 0248 6873696F 		.ascii	"hsiomBase\000"
 1254      6D426173 
 1254      6500
 1255              	.LASF10:
 1256 0252 6C6F6E67 		.ascii	"long int\000"
 1256      20696E74 
 1256      00
 1257              	.LASF91:
 1258 025b 63707573 		.ascii	"cpussCm4ClockCtlOffset\000"
 1258      73436D34 
 1258      436C6F63 
 1258      6B43746C 
ARM GAS  C:\Users\atril\AppData\Local\Temp\ccH0QUJE.s 			page 25


 1258      4F666673 
 1259              	.LASF56:
 1260 0272 63727970 		.ascii	"cryptoMemSize\000"
 1260      746F4D65 
 1260      6D53697A 
 1260      6500
 1261              	.LASF117:
 1262 0280 63795F65 		.ascii	"cy_en_ble_adv_state_t\000"
 1262      6E5F626C 
 1262      655F6164 
 1262      765F7374 
 1262      6174655F 
 1263              	.LASF22:
 1264 0296 70657269 		.ascii	"periBase\000"
 1264      42617365 
 1264      00
 1265              	.LASF54:
 1266 029f 73797350 		.ascii	"sysPmSimoPresent\000"
 1266      6D53696D 
 1266      6F507265 
 1266      73656E74 
 1266      00
 1267              	.LASF44:
 1268 02b0 63707573 		.ascii	"cpussFmIrq\000"
 1268      73466D49 
 1268      727100
 1269              	.LASF108:
 1270 02bb 646F7562 		.ascii	"double\000"
 1270      6C6500
 1271              	.LASF83:
 1272 02c2 70657269 		.ascii	"periDiv16_5CtlOffset\000"
 1272      44697631 
 1272      365F3543 
 1272      746C4F66 
 1272      66736574 
 1273              	.LASF47:
 1274 02d7 73727373 		.ascii	"srssNumPll\000"
 1274      4E756D50 
 1274      6C6C00
 1275              	.LASF81:
 1276 02e2 70657269 		.ascii	"periDiv8CtlOffset\000"
 1276      44697638 
 1276      43746C4F 
 1276      66667365 
 1276      7400
 1277              	.LASF122:
 1278 02f4 43595F42 		.ascii	"CY_BLE_CONN_STATE_CLIENT_INCL_DISCOVERING\000"
 1278      4C455F43 
 1278      4F4E4E5F 
 1278      53544154 
 1278      455F434C 
 1279              	.LASF88:
 1280 031e 6770696F 		.ascii	"gpioPrtCfgOutOffset\000"
 1280      50727443 
 1280      66674F75 
 1280      744F6666 
 1280      73657400 
ARM GAS  C:\Users\atril\AppData\Local\Temp\ccH0QUJE.s 			page 26


 1281              	.LASF21:
 1282 0332 666C6173 		.ascii	"flashcBase\000"
 1282      68634261 
 1282      736500
 1283              	.LASF11:
 1284 033d 5F5F7569 		.ascii	"__uint32_t\000"
 1284      6E743332 
 1284      5F7400
 1285              	.LASF132:
 1286 0348 63757374 		.ascii	"customServInfo\000"
 1286      6F6D5365 
 1286      7276496E 
 1286      666F00
 1287              	.LASF51:
 1288 0357 70617373 		.ascii	"passSarChannels\000"
 1288      53617243 
 1288      68616E6E 
 1288      656C7300 
 1289              	.LASF6:
 1290 0367 5F5F696E 		.ascii	"__int16_t\000"
 1290      7431365F 
 1290      7400
 1291              	.LASF94:
 1292 0371 63707573 		.ascii	"cpussCm4PwrCtlOffset\000"
 1292      73436D34 
 1292      50777243 
 1292      746C4F66 
 1292      66736574 
 1293              	.LASF121:
 1294 0386 43595F42 		.ascii	"CY_BLE_CONN_STATE_CLIENT_SRVC_DISCOVERING\000"
 1294      4C455F43 
 1294      4F4E4E5F 
 1294      53544154 
 1294      455F434C 
 1295              	.LASF89:
 1296 03b0 6770696F 		.ascii	"gpioPrtCfgSioOffset\000"
 1296      50727443 
 1296      66675369 
 1296      6F4F6666 
 1296      73657400 
 1297              	.LASF41:
 1298 03c4 63707573 		.ascii	"cpussDwChNr\000"
 1298      73447743 
 1298      684E7200 
 1299              	.LASF0:
 1300 03d0 756E7369 		.ascii	"unsigned int\000"
 1300      676E6564 
 1300      20696E74 
 1300      00
 1301              	.LASF120:
 1302 03dd 43595F42 		.ascii	"CY_BLE_CONN_STATE_CONNECTED\000"
 1302      4C455F43 
 1302      4F4E4E5F 
 1302      53544154 
 1302      455F434F 
 1303              	.LASF124:
 1304 03f9 43595F42 		.ascii	"CY_BLE_CONN_STATE_CLIENT_DESCR_DISCOVERING\000"
ARM GAS  C:\Users\atril\AppData\Local\Temp\ccH0QUJE.s 			page 27


 1304      4C455F43 
 1304      4F4E4E5F 
 1304      53544154 
 1304      455F434C 
 1305              	.LASF18:
 1306 0424 75696E74 		.ascii	"uint16_t\000"
 1306      31365F74 
 1306      00
 1307              	.LASF74:
 1308 042d 70657269 		.ascii	"periTrCmdGrSelMsk\000"
 1308      5472436D 
 1308      64477253 
 1308      656C4D73 
 1308      6B00
 1309              	.LASF12:
 1310 043f 6C6F6E67 		.ascii	"long unsigned int\000"
 1310      20756E73 
 1310      69676E65 
 1310      6420696E 
 1310      7400
 1311              	.LASF39:
 1312 0451 63707573 		.ascii	"cpussIpcNr\000"
 1312      73497063 
 1312      4E7200
 1313              	.LASF26:
 1314 045c 6770696F 		.ascii	"gpioBase\000"
 1314      42617365 
 1314      00
 1315              	.LASF143:
 1316 0465 47656E65 		.ascii	"Generated_Source\\PSoC6\\BLE_custom_config.c\000"
 1316      72617465 
 1316      645F536F 
 1316      75726365 
 1316      5C50536F 
 1317              	.LASF75:
 1318 0490 70657269 		.ascii	"periTrGrOffset\000"
 1318      54724772 
 1318      4F666673 
 1318      657400
 1319              	.LASF102:
 1320 049f 63707573 		.ascii	"cpussRam1Ctl0\000"
 1320      7352616D 
 1320      3143746C 
 1320      3000
 1321              	.LASF139:
 1322 04ad 63795F62 		.ascii	"cy_ble_connState\000"
 1322      6C655F63 
 1322      6F6E6E53 
 1322      74617465 
 1322      00
 1323              	.LASF145:
 1324 04be 63795F62 		.ascii	"cy_ble_customs\000"
 1324      6C655F63 
 1324      7573746F 
 1324      6D7300
 1325              	.LASF76:
 1326 04cd 70657269 		.ascii	"periTrGrSize\000"
ARM GAS  C:\Users\atril\AppData\Local\Temp\ccH0QUJE.s 			page 28


 1326      54724772 
 1326      53697A65 
 1326      00
 1327              	.LASF34:
 1328 04da 6770696F 		.ascii	"gpioVersion\000"
 1328      56657273 
 1328      696F6E00 
 1329              	.LASF106:
 1330 04e6 63795F73 		.ascii	"cy_stc_device_t\000"
 1330      74635F64 
 1330      65766963 
 1330      655F7400 
 1331              	.LASF52:
 1332 04f6 65704D6F 		.ascii	"epMonitorNr\000"
 1332      6E69746F 
 1332      724E7200 
 1333              	.LASF99:
 1334 0502 63707573 		.ascii	"cpussCm4NmiCtlOffset\000"
 1334      73436D34 
 1334      4E6D6943 
 1334      746C4F66 
 1334      66736574 
 1335              	.LASF95:
 1336 0517 63707573 		.ascii	"cpussTrimRamCtlOffset\000"
 1336      73547269 
 1336      6D52616D 
 1336      43746C4F 
 1336      66667365 
 1337              	.LASF90:
 1338 052d 63707573 		.ascii	"cpussCm0ClockCtlOffset\000"
 1338      73436D30 
 1338      436C6F63 
 1338      6B43746C 
 1338      4F666673 
 1339              	.LASF110:
 1340 0544 61747449 		.ascii	"attId\000"
 1340      6400
 1341              	.LASF30:
 1342 054a 63707573 		.ascii	"cpussVersion\000"
 1342      73566572 
 1342      73696F6E 
 1342      00
 1343              	.LASF112:
 1344 0557 63795F62 		.ascii	"cy_ble_gatt_db_attr_handle_t\000"
 1344      6C655F67 
 1344      6174745F 
 1344      64625F61 
 1344      7474725F 
 1345              	.LASF37:
 1346 0574 70657269 		.ascii	"periVersion\000"
 1346      56657273 
 1346      696F6E00 
 1347              	.LASF93:
 1348 0580 63707573 		.ascii	"cpussCm0StatusOffset\000"
 1348      73436D30 
 1348      53746174 
 1348      75734F66 
ARM GAS  C:\Users\atril\AppData\Local\Temp\ccH0QUJE.s 			page 29


 1348      66736574 
 1349              	.LASF14:
 1350 0595 73697A65 		.ascii	"sizetype\000"
 1350      74797065 
 1350      00
 1351              	.LASF67:
 1352 059e 64774368 		.ascii	"dwChOffset\000"
 1352      4F666673 
 1352      657400
 1353              	.LASF42:
 1354 05a9 63707573 		.ascii	"cpussFlashPaSize\000"
 1354      73466C61 
 1354      73685061 
 1354      53697A65 
 1354      00
 1355              	.LASF114:
 1356 05ba 43595F42 		.ascii	"CY_BLE_ADV_STATE_ADV_INITIATED\000"
 1356      4C455F41 
 1356      44565F53 
 1356      54415445 
 1356      5F414456 
 1357              	.LASF80:
 1358 05d9 70657269 		.ascii	"periDivCmdPaTypeSelPos\000"
 1358      44697643 
 1358      6D645061 
 1358      54797065 
 1358      53656C50 
 1359              	.LASF103:
 1360 05f0 63707573 		.ascii	"cpussRam2Ctl0\000"
 1360      7352616D 
 1360      3243746C 
 1360      3000
 1361              	.LASF141:
 1362 05fe 63795F62 		.ascii	"cy_ble_customConfig\000"
 1362      6C655F63 
 1362      7573746F 
 1362      6D436F6E 
 1362      66696700 
 1363              	.LASF71:
 1364 0612 64775374 		.ascii	"dwStatusChIdxPos\000"
 1364      61747573 
 1364      43684964 
 1364      78506F73 
 1364      00
 1365              	.LASF53:
 1366 0623 75646250 		.ascii	"udbPresent\000"
 1366      72657365 
 1366      6E7400
 1367              	.LASF126:
 1368 062e 63795F65 		.ascii	"cy_en_ble_conn_state_t\000"
 1368      6E5F626C 
 1368      655F636F 
 1368      6E6E5F73 
 1368      74617465 
 1369              	.LASF33:
 1370 0645 666C6173 		.ascii	"flashcVersion\000"
 1370      68635665 
ARM GAS  C:\Users\atril\AppData\Local\Temp\ccH0QUJE.s 			page 30


 1370      7273696F 
 1370      6E00
 1371              	.LASF29:
 1372 0653 63727970 		.ascii	"cryptoBase\000"
 1372      746F4261 
 1372      736500
 1373              	.LASF50:
 1374 065e 736D6966 		.ascii	"smifDeviceNr\000"
 1374      44657669 
 1374      63654E72 
 1374      00
 1375              	.LASF59:
 1376 066b 666C6173 		.ascii	"flashWriteDelay\000"
 1376      68577269 
 1376      74654465 
 1376      6C617900 
 1377              	.LASF125:
 1378 067b 43595F42 		.ascii	"CY_BLE_CONN_STATE_CLIENT_DISCOVERED\000"
 1378      4C455F43 
 1378      4F4E4E5F 
 1378      53544154 
 1378      455F434C 
 1379              	.LASF107:
 1380 069f 666C6F61 		.ascii	"float\000"
 1380      7400
 1381              	.LASF72:
 1382 06a5 64775374 		.ascii	"dwStatusChIdxMsk\000"
 1382      61747573 
 1382      43684964 
 1382      784D736B 
 1382      00
 1383              	.LASF136:
 1384 06b6 63795F64 		.ascii	"cy_device\000"
 1384      65766963 
 1384      6500
 1385              	.LASF100:
 1386 06c0 63707573 		.ascii	"cpussRomCtl\000"
 1386      73526F6D 
 1386      43746C00 
 1387              	.LASF70:
 1388 06cc 64774368 		.ascii	"dwChCtlPreemptablePos\000"
 1388      43746C50 
 1388      7265656D 
 1388      70746162 
 1388      6C65506F 
 1389              	.LASF23:
 1390 06e2 75646242 		.ascii	"udbBase\000"
 1390      61736500 
 1391              	.LASF123:
 1392 06ea 43595F42 		.ascii	"CY_BLE_CONN_STATE_CLIENT_CHAR_DISCOVERING\000"
 1392      4C455F43 
 1392      4F4E4E5F 
 1392      53544154 
 1392      455F434C 
 1393              	.LASF127:
 1394 0714 5F426F6F 		.ascii	"_Bool\000"
 1394      6C00
ARM GAS  C:\Users\atril\AppData\Local\Temp\ccH0QUJE.s 			page 31


 1395              	.LASF4:
 1396 071a 756E7369 		.ascii	"unsigned char\000"
 1396      676E6564 
 1396      20636861 
 1396      7200
 1397              	.LASF66:
 1398 0728 666C6173 		.ascii	"flashCtlMainWs4Freq\000"
 1398      6843746C 
 1398      4D61696E 
 1398      57733446 
 1398      72657100 
 1399              	.LASF7:
 1400 073c 73686F72 		.ascii	"short int\000"
 1400      7420696E 
 1400      7400
 1401              	.LASF130:
 1402 0746 63795F73 		.ascii	"cy_stc_ble_customs_info_t\000"
 1402      74635F62 
 1402      6C655F63 
 1402      7573746F 
 1402      6D735F69 
 1403              	.LASF77:
 1404 0760 70657269 		.ascii	"periDivCmdDivSelMsk\000"
 1404      44697643 
 1404      6D644469 
 1404      7653656C 
 1404      4D736B00 
 1405              	.LASF64:
 1406 0774 666C6173 		.ascii	"flashCtlMainWs2Freq\000"
 1406      6843746C 
 1406      4D61696E 
 1406      57733246 
 1406      72657100 
 1407              	.LASF135:
 1408 0788 63795F73 		.ascii	"cy_stc_ble_custom_config_t\000"
 1408      74635F62 
 1408      6C655F63 
 1408      7573746F 
 1408      6D5F636F 
 1409              	.LASF133:
 1410 07a3 63795F73 		.ascii	"cy_stc_ble_customs_t\000"
 1410      74635F62 
 1410      6C655F63 
 1410      7573746F 
 1410      6D735F74 
 1411              	.LASF48:
 1412 07b8 73727373 		.ascii	"srssNumHfroot\000"
 1412      4E756D48 
 1412      66726F6F 
 1412      7400
 1413              	.LASF61:
 1414 07c6 666C6173 		.ascii	"flashEraseDelay\000"
 1414      68457261 
 1414      73654465 
 1414      6C617900 
 1415              	.LASF19:
 1416 07d6 75696E74 		.ascii	"uint32_t\000"
ARM GAS  C:\Users\atril\AppData\Local\Temp\ccH0QUJE.s 			page 32


 1416      33325F74 
 1416      00
 1417              	.LASF142:
 1418 07df 474E5520 		.ascii	"GNU C11 5.4.1 20160609 (release) [ARM/embedded-5-br"
 1418      43313120 
 1418      352E342E 
 1418      31203230 
 1418      31363036 
 1419 0812 616E6368 		.ascii	"anch revision 237715] -mcpu=cortex-m0plus -mthumb -"
 1419      20726576 
 1419      6973696F 
 1419      6E203233 
 1419      37373135 
 1420 0845 67202D4F 		.ascii	"g -Og -ffunction-sections -ffat-lto-objects\000"
 1420      67202D66 
 1420      66756E63 
 1420      74696F6E 
 1420      2D736563 
 1421              	.LASF2:
 1422 0871 6C6F6E67 		.ascii	"long double\000"
 1422      20646F75 
 1422      626C6500 
 1423              	.LASF15:
 1424 087d 63686172 		.ascii	"char\000"
 1424      00
 1425              	.LASF38:
 1426 0882 70726F74 		.ascii	"protVersion\000"
 1426      56657273 
 1426      696F6E00 
 1427              	.LASF101:
 1428 088e 63707573 		.ascii	"cpussRam0Ctl0\000"
 1428      7352616D 
 1428      3043746C 
 1428      3000
 1429              	.LASF8:
 1430 089c 5F5F7569 		.ascii	"__uint16_t\000"
 1430      6E743136 
 1430      5F7400
 1431              	.LASF140:
 1432 08a7 63795F62 		.ascii	"cy_ble_pendingFlashWrite\000"
 1432      6C655F70 
 1432      656E6469 
 1432      6E67466C 
 1432      61736857 
 1433              	.LASF82:
 1434 08c0 70657269 		.ascii	"periDiv16CtlOffset\000"
 1434      44697631 
 1434      3643746C 
 1434      4F666673 
 1434      657400
 1435              	.LASF137:
 1436 08d3 63795F62 		.ascii	"cy_ble_advState\000"
 1436      6C655F61 
 1436      64765374 
 1436      61746500 
 1437              	.LASF35:
 1438 08e3 6873696F 		.ascii	"hsiomVersion\000"
ARM GAS  C:\Users\atril\AppData\Local\Temp\ccH0QUJE.s 			page 33


 1438      6D566572 
 1438      73696F6E 
 1438      00
 1439              	.LASF63:
 1440 08f0 666C6173 		.ascii	"flashCtlMainWs1Freq\000"
 1440      6843746C 
 1440      4D61696E 
 1440      57733146 
 1440      72657100 
 1441              	.LASF9:
 1442 0904 73686F72 		.ascii	"short unsigned int\000"
 1442      7420756E 
 1442      7369676E 
 1442      65642069 
 1442      6E7400
 1443              	.LASF68:
 1444 0917 64774368 		.ascii	"dwChSize\000"
 1444      53697A65 
 1444      00
 1445              	.LASF104:
 1446 0920 69706353 		.ascii	"ipcStructSize\000"
 1446      74727563 
 1446      7453697A 
 1446      6500
 1447              	.LASF43:
 1448 092e 63707573 		.ascii	"cpussIpc0Irq\000"
 1448      73497063 
 1448      30497271 
 1448      00
 1449              	.LASF86:
 1450 093b 6770696F 		.ascii	"gpioPrtCfgOffset\000"
 1450      50727443 
 1450      66674F66 
 1450      66736574 
 1450      00
 1451              	.LASF118:
 1452 094c 43595F42 		.ascii	"CY_BLE_CONN_STATE_DISCONNECTED\000"
 1452      4C455F43 
 1452      4F4E4E5F 
 1452      53544154 
 1452      455F4449 
 1453              	.LASF138:
 1454 096b 63795F62 		.ascii	"cy_ble_connHandle\000"
 1454      6C655F63 
 1454      6F6E6E48 
 1454      616E646C 
 1454      6500
 1455              	.LASF45:
 1456 097d 63707573 		.ascii	"cpussNotConnectedIrq\000"
 1456      734E6F74 
 1456      436F6E6E 
 1456      65637465 
 1456      64497271 
 1457              	.LASF115:
 1458 0992 43595F42 		.ascii	"CY_BLE_ADV_STATE_ADVERTISING\000"
 1458      4C455F41 
 1458      44565F53 
ARM GAS  C:\Users\atril\AppData\Local\Temp\ccH0QUJE.s 			page 34


 1458      54415445 
 1458      5F414456 
 1459              	.LASF113:
 1460 09af 43595F42 		.ascii	"CY_BLE_ADV_STATE_STOPPED\000"
 1460      4C455F41 
 1460      44565F53 
 1460      54415445 
 1460      5F53544F 
 1461              	.LASF16:
 1462 09c8 75696E74 		.ascii	"uint8_t\000"
 1462      385F7400 
 1463              	.LASF92:
 1464 09d0 63707573 		.ascii	"cpussCm4StatusOffset\000"
 1464      73436D34 
 1464      53746174 
 1464      75734F66 
 1464      66736574 
 1465              	.LASF85:
 1466 09e5 6770696F 		.ascii	"gpioPrtIntrCfgOffset\000"
 1466      50727449 
 1466      6E747243 
 1466      66674F66 
 1466      66736574 
 1467              	.LASF96:
 1468 09fa 63707573 		.ascii	"cpussTrimRomCtlOffset\000"
 1468      73547269 
 1468      6D526F6D 
 1468      43746C4F 
 1468      66667365 
 1469              	.LASF109:
 1470 0a10 62644861 		.ascii	"bdHandle\000"
 1470      6E646C65 
 1470      00
 1471              	.LASF46:
 1472 0a19 73727373 		.ascii	"srssNumClkpath\000"
 1472      4E756D43 
 1472      6C6B7061 
 1472      746800
 1473              	.LASF32:
 1474 0a28 64775665 		.ascii	"dwVersion\000"
 1474      7273696F 
 1474      6E00
 1475              	.LASF28:
 1476 0a32 69706342 		.ascii	"ipcBase\000"
 1476      61736500 
 1477              	.LASF79:
 1478 0a3a 70657269 		.ascii	"periDivCmdPaDivSelPos\000"
 1478      44697643 
 1478      6D645061 
 1478      44697653 
 1478      656C506F 
 1479              	.LASF60:
 1480 0a50 666C6173 		.ascii	"flashProgramDelay\000"
 1480      6850726F 
 1480      6772616D 
 1480      44656C61 
 1480      7900
ARM GAS  C:\Users\atril\AppData\Local\Temp\ccH0QUJE.s 			page 35


 1481              	.LASF128:
 1482 0a62 63757374 		.ascii	"customServCharHandle\000"
 1482      6F6D5365 
 1482      72764368 
 1482      61724861 
 1482      6E646C65 
 1483              	.LASF119:
 1484 0a77 43595F42 		.ascii	"CY_BLE_CONN_STATE_CLIENT_DISCONNECTED_DISCOVERED\000"
 1484      4C455F43 
 1484      4F4E4E5F 
 1484      53544154 
 1484      455F434C 
 1485              	.LASF57:
 1486 0aa8 666C6173 		.ascii	"flashRwwRequired\000"
 1486      68527777 
 1486      52657175 
 1486      69726564 
 1486      00
 1487              	.LASF129:
 1488 0ab9 63757374 		.ascii	"customServCharDesc\000"
 1488      6F6D5365 
 1488      72764368 
 1488      61724465 
 1488      736300
 1489              		.ident	"GCC: (GNU Tools for ARM Embedded Processors) 5.4.1 20160609 (release) [ARM/embedded-5-bran
